
=== Average Classification Report ===

Class: verylow
precision: 0.4921
recall: 0.4457
f1-score: 0.4553
support: 757.0000

Class: low
precision: 0.1579
recall: 0.1538
f1-score: 0.1516
support: 760.0000

Class: medium
precision: 0.2197
recall: 0.2140
f1-score: 0.2117
support: 768.0000

Class: high
precision: 0.6307
recall: 0.6757
f1-score: 0.6311
support: 765.0000

=== Accuracy Summary ===
Average Accuracy: 0.3720
Standard Deviation: 0.0597

=== Computed Class-wise Accuracy (based on recall) ===
verylow: 0.4457
low: 0.1538
medium: 0.2140
high: 0.6757
